<?xml version="1.0" encoding="utf-8"?><testsuites name="pytest tests"><testsuite name="pytest" errors="0" failures="0" skipped="0" tests="6" time="5.165" timestamp="2026-08-13T14:40:14.643582+00:00" hostname="agent-env-9a5e5acc-e4ed-418d-8483-cce03bc12923"><testcase classname="tests.test_matchmaking_ws" name="test_ws_connects" time="0.543" /><testcase classname="tests.test_matchmaking_ws" name="test_single_player_gets_searching" time="0.271" /><testcase classname="tests.test_matchmaking_ws" name="test_two_players_pair_host_guest" time="0.845" /><testcase classname="tests.test_matchmaking_ws" name="test_relay_input_and_state" time="0.722" /><testcase classname="tests.test_matchmaking_ws" name="test_opponent_left_notification" time="0.646" /><testcase classname="tests.test_matchmaking_ws" name="test_cancel_removes_from_queue" time="0.733" /></testsuite></testsuites>